<?xml version="1.0" encoding="UTF-8"?>
<testng-results ignored="0" total="1" passed="1" failed="0" skipped="0">
  <reporter-output>
  </reporter-output>
  <suite started-at="2024-02-24T18:16:39 IST" name="Default suite" finished-at="2024-02-24T18:18:15 IST" duration-ms="95590">
    <groups>
    </groups>
    <test started-at="2024-02-24T18:16:39 IST" name="Default test" finished-at="2024-02-24T18:18:15 IST" duration-ms="95590">
      <class name="BaseClass">
        <test-method signature="Launch()[pri:0, instance:BaseClass@278bb07e]" started-at="2024-02-24T18:16:39 IST" name="Launch" finished-at="2024-02-24T18:18:15 IST" duration-ms="95486" status="PASS">
          <reporter-output>
          </reporter-output>
        </test-method> <!-- Launch -->
      </class> <!-- BaseClass -->
    </test> <!-- Default test -->
  </suite> <!-- Default suite -->
</testng-results>
